Build started 6/13/2013 1:36:53 PM.
     1>Project "D:\dev\justdeveloper-github\Leap-Motion-lab\ClickWithLeapMotion\ClickWithLeapMotion.vcxproj" on node 2 (build target(s)).
     1>InitializeBuildStatus:
         Touching "Debug\ClickWithLeapMotion.unsuccessfulbuild".
       ClCompile:
         c:\Program Files (x86)\Microsoft Visual Studio 10.0\VC\bin\CL.exe /c /ZI /nologo /W3 /WX- /Od /Oy- /D _MBCS /Gm /EHsc /RTC1 /MDd /GS /fp:precise /Zc:wchar_t /Zc:forScope /Fo"Debug\\" /Fd"Debug\vc100.pdb" /Gd /TP /analyze- /errorReport:prompt LeapController.cpp
         LeapController.cpp
       Link:
         c:\Program Files (x86)\Microsoft Visual Studio 10.0\VC\bin\link.exe /ERRORREPORT:PROMPT /OUT:"D:\dev\justdeveloper-github\Leap-Motion-lab\ClickWithLeapMotion\Debug\ClickWithLeapMotion.exe" /NOLOGO Leap.lib kernel32.lib user32.lib gdi32.lib winspool.lib comdlg32.lib advapi32.lib shell32.lib ole32.lib oleaut32.lib uuid.lib odbc32.lib odbccp32.lib /MANIFEST /ManifestFile:"Debug\ClickWithLeapMotion.exe.intermediate.manifest" /MANIFESTUAC:"level='asInvoker' uiAccess='false'" /DEBUG /PDB:"D:\dev\justdeveloper-github\Leap-Motion-lab\ClickWithLeapMotion\Debug\ClickWithLeapMotion.pdb" /TLBID:1 /DYNAMICBASE /NXCOMPAT /IMPLIB:"D:\dev\justdeveloper-github\Leap-Motion-lab\ClickWithLeapMotion\Debug\ClickWithLeapMotion.lib" /MACHINE:X86 Debug\KeyboardSimuliator.obj
         Debug\LeapController.obj
         Debug\main.obj
         LINK : D:\dev\justdeveloper-github\Leap-Motion-lab\ClickWithLeapMotion\Debug\ClickWithLeapMotion.exe not found or not built by the last incremental link; performing full link
         ClickWithLeapMotion.vcxproj -> D:\dev\justdeveloper-github\Leap-Motion-lab\ClickWithLeapMotion\Debug\ClickWithLeapMotion.exe
       Manifest:
         C:\Program Files (x86)\Microsoft SDKs\Windows\v7.0A\bin\mt.exe /nologo /verbose /outputresource:"D:\dev\justdeveloper-github\Leap-Motion-lab\ClickWithLeapMotion\Debug\ClickWithLeapMotion.exe;#1" /manifest Debug\ClickWithLeapMotion.exe.intermediate.manifest
       FinalizeBuildStatus:
         Deleting file "Debug\ClickWithLeapMotion.unsuccessfulbuild".
         Touching "Debug\ClickWithLeapMotion.lastbuildstate".
     1>Done Building Project "D:\dev\justdeveloper-github\Leap-Motion-lab\ClickWithLeapMotion\ClickWithLeapMotion.vcxproj" (build target(s)).

Build succeeded.

Time Elapsed 00:00:01.22
